********************************************************************************
DUPLICATOR-LITE PACKAGE-LOG: June 14, 2022 10:54 am
NOTICE: Do NOT post to public sites or forums 
********************************************************************************
VERSION:	1.4.6
WORDPRESS:	6.0
PHP INFO:	8.0.9 | SAPI: apache2handler
SERVER:		Apache/2.4.48 (Win64) OpenSSL/1.1.1k PHP/8.0.9 
PHP TIME LIMIT: (0) no time limit imposed 
PHP MAX MEMORY: 4294967296 (512M default) 
MEMORY STACK: 4MB

********************************************************************************
DATABASE:
********************************************************************************
BUILD MODE:   MYSQLDUMP
MYSQLTIMEOUT: 5000
MYSQLDUMP:    Is Supported
SQL CREATED: 20220614_kongsiole777_e7654e3389b73f1f9511_20220614105335_database.sql
SQL FILE SIZE: 1.03MB (1076471)
SQL FILE TIME: 2022-06-14 10:54:17
SQL RUNTIME: 3.69 sec.

********************************************************************************
ARCHIVE (ZIP):
********************************************************************************
ARCHIVE DIR:  C:/xampp8/htdocs/wordpress
ARCHIVE FILE: 20220614_kongsiole777_e7654e3389b73f1f9511_20220614105335_archive.zip
FILTERS: *OFF*
DIRS:
	not set
FILES:
	not set
EXTS:  not set
----------------------------------------
COMPRESSING
SIZE:	63.49MB
STATS:	Dirs 395 | Files 3,211
SQL ADDED: 20220614_kongsiole777_e7654e3389b73f1f9511_20220614105335_database.sql
ZipArchive Object
(
    [lastId] => 3605
    [status] => 0
    [statusSys] => 0
    [numFiles] => 3606
    [filename] => C:\xampp8\htdocs\wordpress\wp-content\backups-dup-lite\tmp\20220614_kongsiole777_e7654e3389b73f1f9511_20220614105335_archive.zip
    [comment] => 
)

FILE ADDED TO ZIP: 3605
COMPRESSION RESULT: '1'
COMPRESSED SIZE: 23.71MB
ARCHIVE RUNTIME: 24.96 sec.
MEMORY STACK: 4MB
building installer
add_extra_files1
add_extra_files2
add_extra_files3
add_extra_files4
Doing archive file check
add_extra_files5
add_extra_files6
add_extra_files8
Successfully opened zip C:/xampp8/htdocs/wordpress/wp-content/backups-dup-lite/tmp/20220614_kongsiole777_e7654e3389b73f1f9511_20220614105335_archive.zip
Adding enhanced installer files to archive using ZipArchive
Installer files added to archive
Added to archive
After ziparchive close when adding installer

********************************************************************************
INTEGRITY CHECKS:
********************************************************************************
SQL FILE: 1.03MB
INSTALLER FILE: 64.6KB
ARCHIVE FILE: 24.72MB 
EXPECTED FILE/DIRECTORY COUNT: 3,606
ACTUAL FILE/DIRECTORY COUNT: 3,605
ARCHIVE CONSISTENCY TEST: Pass

********************************************************************************
RECORD ID:[1]
TOTAL PROCESS RUNTIME: 38.86 sec.
PEAK PHP MEMORY USED: 6MB
DONE PROCESSING => 20220614_kongsiole777 June 14, 2022 10:54 am

